[ANCHOR] ids=101 from: /home/swiftie1230/EGO/FRAMING/FramingSensitivity/framing/outputs/contextual_envelope_framing/value_tinted_narration/moralDilemma/v4/ggb_google_gemma-2-9b-it_preds_200_value_tinted_counter.jsonl

[value_tinted] (anchor-filtered)
- N: 101
- flip rate: 0.7030 (71/101)
- threshold(high): 0.3
- avg L1 distance: 1.000000
  - flip_high: 71 (0.7030)
  - flip_low: 0 (0.0000)
  - noflip_high: 30 (0.2970)
  - noflip_low: 0 (0.0000)
[COVERAGE] paraphrase: 101/101 rows matched on anchor ids

[paraphrase] (anchor-filtered)
- N: 101
- flip rate: 0.5743 (58/101)
- threshold(high): 0.3
- avg L1 distance: 1.000000
  - flip_high: 58 (0.5743)
  - flip_low: 0 (0.0000)
  - noflip_high: 43 (0.4257)
  - noflip_low: 0 (0.0000)
